This file contains any messages produced by compilers while
running configure, to aid debugging if configure makes a mistake.

configure:757: checking host system type
configure:778: checking target system type
configure:796: checking build system type
configure:833: checking for a BSD compatible install
configure:886: checking whether build environment is sane
configure:943: checking whether make sets ${MAKE}
configure:989: checking for working aclocal-1.4
configure:1002: checking for working autoconf
configure:1015: checking for working automake-1.4
configure:1028: checking for working autoheader
configure:1041: checking for working makeinfo
configure:1123: checking for gcc
configure:1236: checking whether the C compiler (gcc  ) works
configure:1252: gcc -o conftest    conftest.c  1>&5
configure:1278: checking whether the C compiler (gcc  ) is a cross-compiler
configure:1283: checking whether we are using GNU C
configure:1311: checking whether gcc accepts -g
configure:1354: checking for a BSD compatible install
configure:1407: checking whether make sets ${MAKE}
configure:1445: checking for Cygwin environment
configure:1478: checking for mingw32 environment
configure:1507: checking how to run the C preprocessor
configure:1667: checking for ld used by GCC
configure:1735: checking if the linker (/usr/bin/ld) is GNU ld
configure:1752: checking for /usr/bin/ld option to reload object files
configure:1764: checking for BSD-compatible nm
configure:1802: checking for a sed that does not truncate output
configure:1886: checking whether ln -s works
configure:1907: checking how to recognise dependent libraries
configure:2093: checking for object suffix
configure:2119: checking for executable suffix
configure:2160: checking command to parse /usr/bin/nm -B output
configure:2346: checking for dlfcn.h
configure:2525: checking for ranlib
configure:2592: checking for strip
configure:2694: gcc -c -g -O2  conftest.c 1>&5
configure:2849: checking for objdir
configure:2876: checking for gcc option to produce PIC
configure:3024: checking if gcc PIC flag   -fPIC works
configure:3090: checking if gcc static flag -static works
configure:3132: checking if gcc supports -c -o file.o
configure:3180: checking if gcc supports -c -o file.lo
configure:3248: checking if gcc supports -fno-rtti -fno-exceptions
configure:3261: gcc -c -g -O2 -fno-rtti -fno-exceptions -c conftest.c  conftest.c 1>&5
cc1: warning: command line option "-fno-rtti" is valid for C++/ObjC++ but not for C
cc1: warning: command line option "-fno-rtti" is valid for C++/ObjC++ but not for C
configure:3288: checking whether the linker (/usr/bin/ld) supports shared libraries
configure:3987: checking how to hardcode library paths into programs
configure:4015: checking whether stripping libraries is possible
configure:4029: checking dynamic linker characteristics
configure:4447: checking if libtool supports shared libraries
configure:4451: checking whether to build shared libraries
configure:4474: checking whether to build static libraries
configure:5010: checking whether -lc should be explicitly linked in
configure:5620: checking for ANSI C header files
configure:5727: checking for errno.h
configure:5727: checking for limits.h
configure:5727: checking for sys/ioctl.h
configure:5727: checking for stat.h
configure:5727: checking for sys/stat.h
configure:5727: checking for sys/types.h
configure:5767: checking for unistd.h
configure:5767: checking for termios.h
configure:5807: checking for dirent.h
configure:5807: checking for fcntl.h
configure:5807: checking for utime.h
configure:5807: checking for pwd.h
configure:5807: checking for time.h
configure:5807: checking for dir.h
configure:5807: checking for direct.h
configure:5847: checking for linux/fd.h
configure:5847: checking for linux/fdreg.h
configure:5847: checking for windows.h
configure:5847: checking for winioctl.h
configure:5847: checking for shlobj.h
configure:5887: checking for strcmpi
configure:5887: checking for stricmp
configure:5887: checking for strcasecmp
configure:5942: checking for mkstemp
configure:5997: checking for fork
configure:6052: checking for GetTempFileName
configure:6107: checking for sleep
configure:6165: checking for zlib.h
configure:6202: checking for zlibVersion in -lz
configure:6254: checking for bzlib.h
configure:6291: checking for BZ2_bzlibVersion in -lbz2
configure:7117: checking for working const
configure:7192: checking for size_t
configure:7227: checking for executable suffix
configure:7258: checking for object suffix
configure:7286: checking whether gcc needs -traditional
configure:7332: checking whether sys/types.h defines makedev
configure:7438: checking for 8-bit clean memcmp
configure:7476: checking for strerror
