This file contains any messages produced by compilers while
running configure, to aid debugging if configure makes a mistake.

It was created by ufitoolbox configure 0.9.4, which was
generated by GNU Autoconf 2.61.  Invocation command line was

  $ ./configure --no-create --no-recursion

## --------- ##
## Platform. ##
## --------- ##

hostname = Akina
uname -m = x86_64
uname -r = 2.6.26-1-amd64
uname -s = Linux
uname -v = #1 SMP Wed Sep 10 15:31:12 UTC 2008

/usr/bin/uname -p = unknown
/bin/uname -X     = unknown

/bin/arch              = unknown
/usr/bin/arch -k       = unknown
/usr/convex/getsysinfo = unknown
/usr/bin/hostinfo      = unknown
/bin/machine           = unknown
/usr/bin/oslevel       = unknown
/bin/universe          = unknown

PATH: /usr/local/bin
PATH: /usr/bin
PATH: /bin
PATH: /usr/bin/X11
PATH: /usr/games+~/mybin


## ----------- ##
## Core tests. ##
## ----------- ##

configure:1770: checking for a BSD-compatible install
configure:1826: result: /usr/bin/install -c
configure:1837: checking whether build environment is sane
configure:1880: result: yes
configure:1908: checking for a thread-safe mkdir -p
configure:1947: result: /bin/mkdir -p
configure:1960: checking for gawk
configure:1976: found /usr/bin/gawk
configure:1987: result: gawk
configure:1998: checking whether make sets $(MAKE)
configure:2019: result: yes
configure:2260: checking for gcc
configure:2276: found /usr/bin/gcc
configure:2287: result: gcc
configure:2525: checking for C compiler version
configure:2532: gcc --version >&5
gcc (Debian 4.3.2-1) 4.3.2
Copyright (C) 2008 Free Software Foundation, Inc.
This is free software; see the source for copying conditions.  There is NO
warranty; not even for MERCHANTABILITY or FITNESS FOR A PARTICULAR PURPOSE.

configure:2535: $? = 0
configure:2542: gcc -v >&5
Using built-in specs.
Target: x86_64-linux-gnu
Configured with: ../src/configure -v --with-pkgversion='Debian 4.3.2-1' --with-bugurl=file:///usr/share/doc/gcc-4.3/README.Bugs --enable-languages=c,c++,fortran,objc,obj-c++ --prefix=/usr --enable-shared --with-system-zlib --libexecdir=/usr/lib --without-included-gettext --enable-threads=posix --enable-nls --with-gxx-include-dir=/usr/include/c++/4.3 --program-suffix=-4.3 --enable-clocale=gnu --enable-libstdcxx-debug --enable-objc-gc --enable-mpfr --enable-cld --enable-checking=release --build=x86_64-linux-gnu --host=x86_64-linux-gnu --target=x86_64-linux-gnu
Thread model: posix
gcc version 4.3.2 (Debian 4.3.2-1) 
configure:2545: $? = 0
configure:2552: gcc -V >&5
gcc: '-V' option must have argument
configure:2555: $? = 1
configure:2578: checking for C compiler default output file name
configure:2605: gcc    conftest.c  >&5
configure:2608: $? = 0
configure:2646: result: a.out
configure:2663: checking whether the C compiler works
configure:2673: ./a.out
configure:2676: $? = 0
configure:2693: result: yes
configure:2700: checking whether we are cross compiling
configure:2702: result: no
configure:2705: checking for suffix of executables
configure:2712: gcc -o conftest    conftest.c  >&5
configure:2715: $? = 0
configure:2739: result: 
configure:2745: checking for suffix of object files
configure:2771: gcc -c   conftest.c >&5
configure:2774: $? = 0
configure:2797: result: o
configure:2801: checking whether we are using the GNU C compiler
configure:2830: gcc -c   conftest.c >&5
configure:2836: $? = 0
configure:2853: result: yes
configure:2858: checking whether gcc accepts -g
configure:2888: gcc -c -g  conftest.c >&5
configure:2894: $? = 0
configure:2993: result: yes
configure:3010: checking for gcc option to accept ISO C89
configure:3084: gcc  -c -g -O2  conftest.c >&5
configure:3090: $? = 0
configure:3113: result: none needed
configure:3142: checking for style of include used by make
configure:3170: result: GNU
configure:3195: checking dependency style of gcc
configure:3286: result: gcc3
configure:3313: checking how to run the C preprocessor
configure:3353: gcc -E  conftest.c
configure:3359: $? = 0
configure:3390: gcc -E  conftest.c
conftest.c:10:28: error: ac_nonexistent.h: No such file or directory
configure:3396: $? = 1
configure: failed program was:
| /* confdefs.h.  */
| #define PACKAGE_NAME "ufitoolbox"
| #define PACKAGE_TARNAME "ufitoolbox"
| #define PACKAGE_VERSION "0.9.4"
| #define PACKAGE_STRING "ufitoolbox 0.9.4"
| #define PACKAGE_BUGREPORT ""
| #define PACKAGE "ufitoolbox"
| #define VERSION "0.9.4"
| /* end confdefs.h.  */
| #include <ac_nonexistent.h>
configure:3429: result: gcc -E
configure:3458: gcc -E  conftest.c
configure:3464: $? = 0
configure:3495: gcc -E  conftest.c
conftest.c:10:28: error: ac_nonexistent.h: No such file or directory
configure:3501: $? = 1
configure: failed program was:
| /* confdefs.h.  */
| #define PACKAGE_NAME "ufitoolbox"
| #define PACKAGE_TARNAME "ufitoolbox"
| #define PACKAGE_VERSION "0.9.4"
| #define PACKAGE_STRING "ufitoolbox 0.9.4"
| #define PACKAGE_BUGREPORT ""
| #define PACKAGE "ufitoolbox"
| #define VERSION "0.9.4"
| /* end confdefs.h.  */
| #include <ac_nonexistent.h>
configure:3539: checking for grep that handles long lines and -e
configure:3613: result: /bin/grep
configure:3618: checking for egrep
configure:3696: result: /bin/grep -E
configure:3701: checking for ANSI C header files
configure:3731: gcc -c -g -O2  conftest.c >&5
configure:3737: $? = 0
configure:3836: gcc -o conftest -g -O2   conftest.c  >&5
configure:3839: $? = 0
configure:3845: ./conftest
configure:3848: $? = 0
configure:3865: result: yes
configure:3889: checking for sys/types.h
configure:3910: gcc -c -g -O2  conftest.c >&5
configure:3916: $? = 0
configure:3932: result: yes
configure:3889: checking for sys/stat.h
configure:3910: gcc -c -g -O2  conftest.c >&5
configure:3916: $? = 0
configure:3932: result: yes
configure:3889: checking for stdlib.h
configure:3910: gcc -c -g -O2  conftest.c >&5
configure:3916: $? = 0
configure:3932: result: yes
configure:3889: checking for string.h
configure:3910: gcc -c -g -O2  conftest.c >&5
configure:3916: $? = 0
configure:3932: result: yes
configure:3889: checking for memory.h
configure:3910: gcc -c -g -O2  conftest.c >&5
configure:3916: $? = 0
configure:3932: result: yes
configure:3889: checking for strings.h
configure:3910: gcc -c -g -O2  conftest.c >&5
configure:3916: $? = 0
configure:3932: result: yes
configure:3889: checking for inttypes.h
configure:3910: gcc -c -g -O2  conftest.c >&5
configure:3916: $? = 0
configure:3932: result: yes
configure:3889: checking for stdint.h
configure:3910: gcc -c -g -O2  conftest.c >&5
configure:3916: $? = 0
configure:3932: result: yes
configure:3889: checking for unistd.h
configure:3910: gcc -c -g -O2  conftest.c >&5
configure:3916: $? = 0
configure:3932: result: yes
configure:3964: checking fcntl.h usability
configure:3981: gcc -c -g -O2  conftest.c >&5
configure:3987: $? = 0
configure:4001: result: yes
configure:4005: checking fcntl.h presence
configure:4020: gcc -E  conftest.c
configure:4026: $? = 0
configure:4040: result: yes
configure:4068: checking for fcntl.h
configure:4076: result: yes
configure:3954: checking for stdlib.h
configure:3960: result: yes
configure:3954: checking for string.h
configure:3960: result: yes
configure:3964: checking sys/ioctl.h usability
configure:3981: gcc -c -g -O2  conftest.c >&5
configure:3987: $? = 0
configure:4001: result: yes
configure:4005: checking sys/ioctl.h presence
configure:4020: gcc -E  conftest.c
configure:4026: $? = 0
configure:4040: result: yes
configure:4068: checking for sys/ioctl.h
configure:4076: result: yes
configure:3964: checking sys/param.h usability
configure:3981: gcc -c -g -O2  conftest.c >&5
configure:3987: $? = 0
configure:4001: result: yes
configure:4005: checking sys/param.h presence
configure:4020: gcc -E  conftest.c
configure:4026: $? = 0
configure:4040: result: yes
configure:4068: checking for sys/param.h
configure:4076: result: yes
configure:3954: checking for unistd.h
configure:3960: result: yes
configure:4097: checking for an ANSI C-conforming const
configure:4172: gcc -c -g -O2  conftest.c >&5
configure:4178: $? = 0
configure:4193: result: yes
configure:4203: checking for size_t
configure:4233: gcc -c -g -O2  conftest.c >&5
configure:4239: $? = 0
configure:4254: result: yes
configure:4266: checking for struct stat.st_rdev
configure:4294: gcc -c -g -O2  conftest.c >&5
configure:4300: $? = 0
configure:4357: result: yes
configure:4375: checking whether gcc needs -traditional
configure:4417: result: no
configure:4424: checking whether sys/types.h defines makedev
configure:4450: gcc -o conftest -g -O2   conftest.c  >&5
configure:4456: $? = 0
configure:4474: result: yes
configure:4756: checking for stdlib.h
configure:4762: result: yes
configure:4891: checking for GNU libc compatible malloc
configure:4925: gcc -o conftest -g -O2   conftest.c  >&5
configure:4928: $? = 0
configure:4934: ./conftest
configure:4937: $? = 0
configure:4953: result: yes
configure:4981: checking whether lstat dereferences a symlink specified with a trailing slash
configure:5017: gcc -o conftest -g -O2   conftest.c  >&5
configure:5020: $? = 0
configure:5026: ./conftest
configure:5029: $? = 0
configure:5052: result: yes
configure:5071: checking whether stat accepts an empty string
configure:5101: gcc -o conftest -g -O2   conftest.c  >&5
configure:5104: $? = 0
configure:5110: ./conftest
configure:5113: $? = 0
configure:5129: result: no
configure:5150: checking for memset
configure:5206: gcc -o conftest -g -O2   conftest.c  >&5
conftest.c:53: warning: conflicting types for built-in function 'memset'
configure:5212: $? = 0
configure:5230: result: yes
configure:5150: checking for strdup
configure:5206: gcc -o conftest -g -O2   conftest.c  >&5
conftest.c:54: warning: conflicting types for built-in function 'strdup'
configure:5212: $? = 0
configure:5230: result: yes
configure:5361: creating ./config.status

## ---------------- ##
## Cache variables. ##
## ---------------- ##

ac_cv_c_compiler_gnu=yes
ac_cv_c_const=yes
ac_cv_env_CC_set=
ac_cv_env_CC_value=
ac_cv_env_CFLAGS_set=
ac_cv_env_CFLAGS_value=
ac_cv_env_CPPFLAGS_set=
ac_cv_env_CPPFLAGS_value=
ac_cv_env_CPP_set=
ac_cv_env_CPP_value=
ac_cv_env_LDFLAGS_set=
ac_cv_env_LDFLAGS_value=
ac_cv_env_LIBS_set=
ac_cv_env_LIBS_value=
ac_cv_env_build_alias_set=
ac_cv_env_build_alias_value=
ac_cv_env_host_alias_set=
ac_cv_env_host_alias_value=
ac_cv_env_target_alias_set=
ac_cv_env_target_alias_value=
ac_cv_func_lstat_dereferences_slashed_symlink=yes
ac_cv_func_malloc_0_nonnull=yes
ac_cv_func_memset=yes
ac_cv_func_stat_empty_string_bug=no
ac_cv_func_strdup=yes
ac_cv_header_fcntl_h=yes
ac_cv_header_inttypes_h=yes
ac_cv_header_memory_h=yes
ac_cv_header_stdc=yes
ac_cv_header_stdint_h=yes
ac_cv_header_stdlib_h=yes
ac_cv_header_string_h=yes
ac_cv_header_strings_h=yes
ac_cv_header_sys_ioctl_h=yes
ac_cv_header_sys_param_h=yes
ac_cv_header_sys_stat_h=yes
ac_cv_header_sys_types_h=yes
ac_cv_header_sys_types_h_makedev=yes
ac_cv_header_unistd_h=yes
ac_cv_member_struct_stat_st_rdev=yes
ac_cv_objext=o
ac_cv_path_EGREP='/bin/grep -E'
ac_cv_path_GREP=/bin/grep
ac_cv_path_install='/usr/bin/install -c'
ac_cv_path_mkdir=/bin/mkdir
ac_cv_prog_AWK=gawk
ac_cv_prog_CPP='gcc -E'
ac_cv_prog_ac_ct_CC=gcc
ac_cv_prog_cc_c89=
ac_cv_prog_cc_g=yes
ac_cv_prog_gcc_traditional=no
ac_cv_prog_make_make_set=yes
ac_cv_type_size_t=yes
am_cv_CC_dependencies_compiler_type=gcc3

## ----------------- ##
## Output variables. ##
## ----------------- ##

ACLOCAL='${SHELL} /home/pulkomandy/Projects/cpc/cpcsdk/ufitoolbox-0.1/missing --run aclocal-1.10'
AMDEPBACKSLASH='\'
AMDEP_FALSE='#'
AMDEP_TRUE=''
AMTAR='${SHELL} /home/pulkomandy/Projects/cpc/cpcsdk/ufitoolbox-0.1/missing --run tar'
AUTOCONF='${SHELL} /home/pulkomandy/Projects/cpc/cpcsdk/ufitoolbox-0.1/missing --run autoconf'
AUTOHEADER='${SHELL} /home/pulkomandy/Projects/cpc/cpcsdk/ufitoolbox-0.1/missing --run autoheader'
AUTOMAKE='${SHELL} /home/pulkomandy/Projects/cpc/cpcsdk/ufitoolbox-0.1/missing --run automake-1.10'
AWK='gawk'
CC='gcc'
CCDEPMODE='depmode=gcc3'
CFLAGS='-g -O2'
CPP='gcc -E'
CPPFLAGS=''
CYGPATH_W='echo'
DEFS='-DHAVE_CONFIG_H'
DEPDIR='.deps'
ECHO_C=''
ECHO_N='-n'
ECHO_T=''
EGREP='/bin/grep -E'
EXEEXT=''
GREP='/bin/grep'
INSTALL_DATA='${INSTALL} -m 644'
INSTALL_PROGRAM='${INSTALL}'
INSTALL_SCRIPT='${INSTALL}'
INSTALL_STRIP_PROGRAM='$(install_sh) -c -s'
LDFLAGS=''
LIBOBJS=''
LIBS=''
LTLIBOBJS=''
MAKEINFO='${SHELL} /home/pulkomandy/Projects/cpc/cpcsdk/ufitoolbox-0.1/missing --run makeinfo'
OBJEXT='o'
PACKAGE='ufitoolbox'
PACKAGE_BUGREPORT=''
PACKAGE_NAME='ufitoolbox'
PACKAGE_STRING='ufitoolbox 0.9.4'
PACKAGE_TARNAME='ufitoolbox'
PACKAGE_VERSION='0.9.4'
PATH_SEPARATOR=':'
SET_MAKE=''
SHELL='/bin/sh'
STRIP=''
VERSION='0.9.4'
ac_ct_CC='gcc'
am__fastdepCC_FALSE='#'
am__fastdepCC_TRUE=''
am__include='include'
am__isrc=''
am__leading_dot='.'
am__quote=''
am__tar='${AMTAR} chof - "$$tardir"'
am__untar='${AMTAR} xf -'
bindir='${exec_prefix}/bin'
build_alias=''
datadir='${datarootdir}'
datarootdir='${prefix}/share'
docdir='${datarootdir}/doc/${PACKAGE_TARNAME}'
dvidir='${docdir}'
exec_prefix='${prefix}'
host_alias=''
htmldir='${docdir}'
includedir='${prefix}/include'
infodir='${datarootdir}/info'
install_sh='$(SHELL) /home/pulkomandy/Projects/cpc/cpcsdk/ufitoolbox-0.1/install-sh'
libdir='${exec_prefix}/lib'
libexecdir='${exec_prefix}/libexec'
localedir='${datarootdir}/locale'
localstatedir='${prefix}/var'
mandir='${datarootdir}/man'
mkdir_p='/bin/mkdir -p'
oldincludedir='/usr/include'
pdfdir='${docdir}'
prefix='/usr/local'
program_transform_name='s,x,x,'
psdir='${docdir}'
sbindir='${exec_prefix}/sbin'
sharedstatedir='${prefix}/com'
sysconfdir='${prefix}/etc'
target_alias=''

## ----------- ##
## confdefs.h. ##
## ----------- ##

#define PACKAGE_NAME "ufitoolbox"
#define PACKAGE_TARNAME "ufitoolbox"
#define PACKAGE_VERSION "0.9.4"
#define PACKAGE_STRING "ufitoolbox 0.9.4"
#define PACKAGE_BUGREPORT ""
#define PACKAGE "ufitoolbox"
#define VERSION "0.9.4"
#define STDC_HEADERS 1
#define HAVE_SYS_TYPES_H 1
#define HAVE_SYS_STAT_H 1
#define HAVE_STDLIB_H 1
#define HAVE_STRING_H 1
#define HAVE_MEMORY_H 1
#define HAVE_STRINGS_H 1
#define HAVE_INTTYPES_H 1
#define HAVE_STDINT_H 1
#define HAVE_UNISTD_H 1
#define HAVE_FCNTL_H 1
#define HAVE_STDLIB_H 1
#define HAVE_STRING_H 1
#define HAVE_SYS_IOCTL_H 1
#define HAVE_SYS_PARAM_H 1
#define HAVE_UNISTD_H 1
#define HAVE_STRUCT_STAT_ST_RDEV 1
#define HAVE_STDLIB_H 1
#define HAVE_MALLOC 1
#define LSTAT_FOLLOWS_SLASHED_SYMLINK 1
#define HAVE_MEMSET 1
#define HAVE_STRDUP 1

configure: exit 0

## ---------------------- ##
## Running config.status. ##
## ---------------------- ##

This file was extended by ufitoolbox config.status 0.9.4, which was
generated by GNU Autoconf 2.61.  Invocation command line was

  CONFIG_FILES    = 
  CONFIG_HEADERS  = 
  CONFIG_LINKS    = 
  CONFIG_COMMANDS = 
  $ ./config.status 

on Akina

config.status:635: creating Makefile
config.status:635: creating config.h
config.status:873: config.h is unchanged
config.status:920: executing depfiles commands

## ---------------------- ##
## Running config.status. ##
## ---------------------- ##

This file was extended by ufitoolbox config.status 0.9.4, which was
generated by GNU Autoconf 2.61.  Invocation command line was

  CONFIG_FILES    = 
  CONFIG_HEADERS  = 
  CONFIG_LINKS    = 
  CONFIG_COMMANDS = 
  $ ./config.status config.h

on Akina

config.status:635: creating config.h
