This file contains any messages produced by compilers while
running configure, to aid debugging if configure makes a mistake.

It was created by configure, which was
generated by GNU Autoconf 2.61.  Invocation command line was

  $ ./configure 

## --------- ##
## Platform. ##
## --------- ##

hostname = Akina
uname -m = x86_64
uname -r = 2.6.26-1-amd64
uname -s = Linux
uname -v = #1 SMP Thu Aug 28 11:13:42 UTC 2008

/usr/bin/uname -p = unknown
/bin/uname -X     = unknown

/bin/arch              = unknown
/usr/bin/arch -k       = unknown
/usr/convex/getsysinfo = unknown
/usr/bin/hostinfo      = unknown
/bin/machine           = unknown
/usr/bin/oslevel       = unknown
/bin/universe          = unknown

PATH: /usr/local/bin
PATH: /usr/bin
PATH: /bin
PATH: /usr/bin/X11
PATH: /usr/games+~/mybin


## ----------- ##
## Core tests. ##
## ----------- ##

configure:1749: checking for a BSD-compatible install
configure:1805: result: /usr/bin/install -c
configure:1816: checking whether build environment is sane
configure:1859: result: yes
configure:1887: checking for a thread-safe mkdir -p
configure:1926: result: /bin/mkdir -p
configure:1939: checking for gawk
configure:1955: found /usr/bin/gawk
configure:1966: result: gawk
configure:1977: checking whether make sets $(MAKE)
configure:1998: result: yes
configure:2248: checking for g++
configure:2264: found /usr/bin/g++
configure:2275: result: g++
configure:2306: checking for C++ compiler version
configure:2313: g++ --version >&5
g++ (Debian 4.3.2-1) 4.3.2
Copyright (C) 2008 Free Software Foundation, Inc.
This is free software; see the source for copying conditions.  There is NO
warranty; not even for MERCHANTABILITY or FITNESS FOR A PARTICULAR PURPOSE.

configure:2316: $? = 0
configure:2323: g++ -v >&5
Using built-in specs.
Target: x86_64-linux-gnu
Configured with: ../src/configure -v --with-pkgversion='Debian 4.3.2-1' --with-bugurl=file:///usr/share/doc/gcc-4.3/README.Bugs --enable-languages=c,c++,fortran,objc,obj-c++ --prefix=/usr --enable-shared --with-system-zlib --libexecdir=/usr/lib --without-included-gettext --enable-threads=posix --enable-nls --with-gxx-include-dir=/usr/include/c++/4.3 --program-suffix=-4.3 --enable-clocale=gnu --enable-libstdcxx-debug --enable-objc-gc --enable-mpfr --enable-cld --enable-checking=release --build=x86_64-linux-gnu --host=x86_64-linux-gnu --target=x86_64-linux-gnu
Thread model: posix
gcc version 4.3.2 (Debian 4.3.2-1) 
configure:2326: $? = 0
configure:2333: g++ -V >&5
g++: '-V' option must have argument
configure:2336: $? = 1
configure:2359: checking for C++ compiler default output file name
configure:2386: g++    conftest.cpp  >&5
configure:2389: $? = 0
configure:2427: result: a.out
configure:2444: checking whether the C++ compiler works
configure:2454: ./a.out
configure:2457: $? = 0
configure:2474: result: yes
configure:2481: checking whether we are cross compiling
configure:2483: result: no
configure:2486: checking for suffix of executables
configure:2493: g++ -o conftest    conftest.cpp  >&5
configure:2496: $? = 0
configure:2520: result: 
configure:2526: checking for suffix of object files
configure:2552: g++ -c   conftest.cpp >&5
configure:2555: $? = 0
configure:2578: result: o
configure:2582: checking whether we are using the GNU C++ compiler
configure:2611: g++ -c   conftest.cpp >&5
configure:2617: $? = 0
configure:2634: result: yes
configure:2639: checking whether g++ accepts -g
configure:2669: g++ -c -g  conftest.cpp >&5
configure:2675: $? = 0
configure:2774: result: yes
configure:2808: checking for style of include used by make
configure:2836: result: GNU
configure:2861: checking dependency style of g++
configure:2952: result: gcc3
configure:2980: checking for a BSD-compatible install
configure:3036: result: /usr/bin/install -c
configure:3095: checking for gcc
configure:3111: found /usr/bin/gcc
configure:3122: result: gcc
configure:3360: checking for C compiler version
configure:3367: gcc --version >&5
gcc (Debian 4.3.2-1) 4.3.2
Copyright (C) 2008 Free Software Foundation, Inc.
This is free software; see the source for copying conditions.  There is NO
warranty; not even for MERCHANTABILITY or FITNESS FOR A PARTICULAR PURPOSE.

configure:3370: $? = 0
configure:3377: gcc -v >&5
Using built-in specs.
Target: x86_64-linux-gnu
Configured with: ../src/configure -v --with-pkgversion='Debian 4.3.2-1' --with-bugurl=file:///usr/share/doc/gcc-4.3/README.Bugs --enable-languages=c,c++,fortran,objc,obj-c++ --prefix=/usr --enable-shared --with-system-zlib --libexecdir=/usr/lib --without-included-gettext --enable-threads=posix --enable-nls --with-gxx-include-dir=/usr/include/c++/4.3 --program-suffix=-4.3 --enable-clocale=gnu --enable-libstdcxx-debug --enable-objc-gc --enable-mpfr --enable-cld --enable-checking=release --build=x86_64-linux-gnu --host=x86_64-linux-gnu --target=x86_64-linux-gnu
Thread model: posix
gcc version 4.3.2 (Debian 4.3.2-1) 
configure:3380: $? = 0
configure:3387: gcc -V >&5
gcc: '-V' option must have argument
configure:3390: $? = 1
configure:3393: checking whether we are using the GNU C compiler
configure:3422: gcc -c   conftest.c >&5
configure:3428: $? = 0
configure:3445: result: yes
configure:3450: checking whether gcc accepts -g
configure:3480: gcc -c -g  conftest.c >&5
configure:3486: $? = 0
configure:3585: result: yes
configure:3602: checking for gcc option to accept ISO C89
configure:3676: gcc  -c -g -O2  conftest.c >&5
configure:3682: $? = 0
configure:3705: result: none needed
configure:3725: checking dependency style of gcc
configure:3816: result: gcc3
configure:3837: checking how to run the C preprocessor
configure:3877: gcc -E  conftest.c
configure:3883: $? = 0
configure:3914: gcc -E  conftest.c
conftest.c:10:28: error: ac_nonexistent.h: No such file or directory
configure:3920: $? = 1
configure: failed program was:
| /* confdefs.h.  */
| #define PACKAGE_NAME ""
| #define PACKAGE_TARNAME ""
| #define PACKAGE_VERSION ""
| #define PACKAGE_STRING ""
| #define PACKAGE_BUGREPORT ""
| #define PACKAGE "iDSK"
| #define VERSION "0.1"
| /* end confdefs.h.  */
| #include <ac_nonexistent.h>
configure:3953: result: gcc -E
configure:3982: gcc -E  conftest.c
configure:3988: $? = 0
configure:4019: gcc -E  conftest.c
conftest.c:10:28: error: ac_nonexistent.h: No such file or directory
configure:4025: $? = 1
configure: failed program was:
| /* confdefs.h.  */
| #define PACKAGE_NAME ""
| #define PACKAGE_TARNAME ""
| #define PACKAGE_VERSION ""
| #define PACKAGE_STRING ""
| #define PACKAGE_BUGREPORT ""
| #define PACKAGE "iDSK"
| #define VERSION "0.1"
| /* end confdefs.h.  */
| #include <ac_nonexistent.h>
configure:4063: checking for X
configure:4233: gcc -o conftest -g -O2   conftest.c -lX11  >&5
configure:4239: $? = 0
configure:4298: result: libraries , headers 
configure:4459: gcc -o conftest -g -O2   conftest.c   -lX11 >&5
configure:4465: $? = 0
configure:4622: checking for gethostbyname
configure:4678: gcc -o conftest -g -O2   conftest.c  >&5
configure:4684: $? = 0
configure:4701: result: yes
configure:4846: checking for connect
configure:4902: gcc -o conftest -g -O2   conftest.c  >&5
configure:4908: $? = 0
configure:4925: result: yes
configure:4997: checking for remove
configure:5053: gcc -o conftest -g -O2   conftest.c  >&5
configure:5059: $? = 0
configure:5076: result: yes
configure:5148: checking for shmat
configure:5204: gcc -o conftest -g -O2   conftest.c  >&5
configure:5210: $? = 0
configure:5227: result: yes
configure:5308: checking for IceConnectionNumber in -lICE
configure:5343: gcc -o conftest -g -O2   conftest.c -lICE   >&5
configure:5349: $? = 0
configure:5367: result: yes
configure:5501: creating ./config.status

## ---------------------- ##
## Running config.status. ##
## ---------------------- ##

This file was extended by config.status, which was
generated by GNU Autoconf 2.61.  Invocation command line was

  CONFIG_FILES    = 
  CONFIG_HEADERS  = 
  CONFIG_LINKS    = 
  CONFIG_COMMANDS = 
  $ ./config.status 

on Akina

config.status:645: creating Makefile
config.status:645: creating src/Makefile
config.status:645: creating config.h
config.status:861: config.h is unchanged
config.status:908: executing depfiles commands

## ---------------- ##
## Cache variables. ##
## ---------------- ##

ac_cv_c_compiler_gnu=yes
ac_cv_cxx_compiler_gnu=yes
ac_cv_env_CCC_set=
ac_cv_env_CCC_value=
ac_cv_env_CC_set=
ac_cv_env_CC_value=
ac_cv_env_CFLAGS_set=
ac_cv_env_CFLAGS_value=
ac_cv_env_CPPFLAGS_set=
ac_cv_env_CPPFLAGS_value=
ac_cv_env_CPP_set=
ac_cv_env_CPP_value=
ac_cv_env_CXXFLAGS_set=
ac_cv_env_CXXFLAGS_value=
ac_cv_env_CXX_set=
ac_cv_env_CXX_value=
ac_cv_env_LDFLAGS_set=
ac_cv_env_LDFLAGS_value=
ac_cv_env_LIBS_set=
ac_cv_env_LIBS_value=
ac_cv_env_XMKMF_set=
ac_cv_env_XMKMF_value=
ac_cv_env_build_alias_set=
ac_cv_env_build_alias_value=
ac_cv_env_host_alias_set=
ac_cv_env_host_alias_value=
ac_cv_env_target_alias_set=
ac_cv_env_target_alias_value=
ac_cv_func_connect=yes
ac_cv_func_gethostbyname=yes
ac_cv_func_remove=yes
ac_cv_func_shmat=yes
ac_cv_have_x='have_x=yes	ac_x_includes='\'''\''	ac_x_libraries='\'''\'''
ac_cv_lib_ICE_IceConnectionNumber=yes
ac_cv_objext=o
ac_cv_path_install='/usr/bin/install -c'
ac_cv_path_mkdir=/bin/mkdir
ac_cv_prog_AWK=gawk
ac_cv_prog_CPP='gcc -E'
ac_cv_prog_ac_ct_CC=gcc
ac_cv_prog_ac_ct_CXX=g++
ac_cv_prog_cc_c89=
ac_cv_prog_cc_g=yes
ac_cv_prog_cxx_g=yes
ac_cv_prog_make_make_set=yes
am_cv_CC_dependencies_compiler_type=gcc3
am_cv_CXX_dependencies_compiler_type=gcc3

## ----------------- ##
## Output variables. ##
## ----------------- ##

ACLOCAL='${SHELL} /home/pulkomandy/Projects/cpc/iDSK/iDSK/missing --run aclocal-1.10'
AMDEPBACKSLASH='\'
AMDEP_FALSE='#'
AMDEP_TRUE=''
AMTAR='${SHELL} /home/pulkomandy/Projects/cpc/iDSK/iDSK/missing --run tar'
AUTOCONF='${SHELL} /home/pulkomandy/Projects/cpc/iDSK/iDSK/missing --run autoconf'
AUTOHEADER='${SHELL} /home/pulkomandy/Projects/cpc/iDSK/iDSK/missing --run autoheader'
AUTOMAKE='${SHELL} /home/pulkomandy/Projects/cpc/iDSK/iDSK/missing --run automake-1.10'
AWK='gawk'
CC='gcc'
CCDEPMODE='depmode=gcc3'
CFLAGS='-g -O2'
CPP='gcc -E'
CPPFLAGS=''
CXX='g++'
CXXDEPMODE='depmode=gcc3'
CXXFLAGS='-g -O2'
CYGPATH_W='echo'
DEFS='-DHAVE_CONFIG_H'
DEPDIR='.deps'
ECHO_C=''
ECHO_N='-n'
ECHO_T=''
EXEEXT=''
INSTALL_DATA='${INSTALL} -m 644'
INSTALL_PROGRAM='${INSTALL}'
INSTALL_SCRIPT='${INSTALL}'
INSTALL_STRIP_PROGRAM='$(install_sh) -c -s'
LDFLAGS=''
LIBOBJS=''
LIBS=''
LTLIBOBJS=''
MAKEINFO='${SHELL} /home/pulkomandy/Projects/cpc/iDSK/iDSK/missing --run makeinfo'
OBJEXT='o'
PACKAGE='iDSK'
PACKAGE_BUGREPORT=''
PACKAGE_NAME=''
PACKAGE_STRING=''
PACKAGE_TARNAME=''
PACKAGE_VERSION=''
PATH_SEPARATOR=':'
SET_MAKE=''
SHELL='/bin/sh'
STRIP=''
VERSION='0.1'
XMKMF=''
X_CFLAGS=''
X_EXTRA_LIBS=''
X_LIBS=''
X_PRE_LIBS=' -lSM -lICE'
ac_ct_CC='gcc'
ac_ct_CXX='g++'
am__fastdepCC_FALSE='#'
am__fastdepCC_TRUE=''
am__fastdepCXX_FALSE='#'
am__fastdepCXX_TRUE=''
am__include='include'
am__isrc=''
am__leading_dot='.'
am__quote=''
am__tar='${AMTAR} chof - "$$tardir"'
am__untar='${AMTAR} xf -'
bindir='${exec_prefix}/bin'
build_alias=''
datadir='${datarootdir}'
datarootdir='${prefix}/share'
docdir='${datarootdir}/doc/${PACKAGE}'
dvidir='${docdir}'
exec_prefix='${prefix}'
host_alias=''
htmldir='${docdir}'
includedir='${prefix}/include'
infodir='${datarootdir}/info'
install_sh='$(SHELL) /home/pulkomandy/Projects/cpc/iDSK/iDSK/install-sh'
libdir='${exec_prefix}/lib'
libexecdir='${exec_prefix}/libexec'
localedir='${datarootdir}/locale'
localstatedir='${prefix}/var'
mandir='${datarootdir}/man'
mkdir_p='/bin/mkdir -p'
oldincludedir='/usr/include'
pdfdir='${docdir}'
prefix='/usr/local'
program_transform_name='s,x,x,'
psdir='${docdir}'
sbindir='${exec_prefix}/sbin'
sharedstatedir='${prefix}/com'
sysconfdir='${prefix}/etc'
target_alias=''

## ----------- ##
## confdefs.h. ##
## ----------- ##

#define PACKAGE_NAME ""
#define PACKAGE_TARNAME ""
#define PACKAGE_VERSION ""
#define PACKAGE_STRING ""
#define PACKAGE_BUGREPORT ""
#define PACKAGE "iDSK"
#define VERSION "0.1"

configure: exit 0
