This file contains any messages produced by compilers while
running configure, to aid debugging if configure makes a mistake.

It was created by StSound configure 1.1, which was
generated by GNU Autoconf 2.61.  Invocation command line was

  $ ./configure 

## --------- ##
## Platform. ##
## --------- ##

hostname = maggy
uname -m = i686
uname -r = 2.6.24-16-generic
uname -s = Linux
uname -v = #1 SMP Thu Apr 10 13:23:42 UTC 2008

/usr/bin/uname -p = unknown
/bin/uname -X     = unknown

/bin/arch              = unknown
/usr/bin/arch -k       = unknown
/usr/convex/getsysinfo = unknown
/usr/bin/hostinfo      = unknown
/bin/machine           = unknown
/usr/bin/oslevel       = unknown
/bin/universe          = unknown

PATH: /usr/local/sbin
PATH: /usr/local/bin
PATH: /usr/sbin
PATH: /usr/bin
PATH: /sbin
PATH: /bin
PATH: /usr/games


## ----------- ##
## Core tests. ##
## ----------- ##

configure:1976: checking for a BSD-compatible install
configure:2032: result: /usr/bin/install -c
configure:2043: checking whether build environment is sane
configure:2086: result: yes
configure:2151: checking for gawk
configure:2181: result: no
configure:2151: checking for mawk
configure:2167: found /usr/bin/mawk
configure:2178: result: mawk
configure:2189: checking whether make sets $(MAKE)
configure:2210: result: yes
configure:2454: checking for g++
configure:2470: found /usr/bin/g++
configure:2481: result: g++
configure:2512: checking for C++ compiler version
configure:2519: g++ --version >&5
g++ (GCC) 4.2.3 (Ubuntu 4.2.3-2ubuntu7)
Copyright (C) 2007 Free Software Foundation, Inc.
This is free software; see the source for copying conditions.  There is NO
warranty; not even for MERCHANTABILITY or FITNESS FOR A PARTICULAR PURPOSE.

configure:2522: $? = 0
configure:2529: g++ -v >&5
Using built-in specs.
Target: i486-linux-gnu
Configured with: ../src/configure -v --enable-languages=c,c++,fortran,objc,obj-c++,treelang --prefix=/usr --enable-shared --with-system-zlib --libexecdir=/usr/lib --without-included-gettext --enable-threads=posix --enable-nls --with-gxx-include-dir=/usr/include/c++/4.2 --program-suffix=-4.2 --enable-clocale=gnu --enable-libstdcxx-debug --enable-objc-gc --enable-mpfr --enable-targets=all --enable-checking=release --build=i486-linux-gnu --host=i486-linux-gnu --target=i486-linux-gnu
Thread model: posix
gcc version 4.2.3 (Ubuntu 4.2.3-2ubuntu7)
configure:2532: $? = 0
configure:2539: g++ -V >&5
g++: '-V' option must have argument
configure:2542: $? = 1
configure:2565: checking for C++ compiler default output file name
configure:2592: g++    conftest.cpp  >&5
configure:2595: $? = 0
configure:2633: result: a.out
configure:2650: checking whether the C++ compiler works
configure:2660: ./a.out
configure:2663: $? = 0
configure:2680: result: yes
configure:2687: checking whether we are cross compiling
configure:2689: result: no
configure:2692: checking for suffix of executables
configure:2699: g++ -o conftest    conftest.cpp  >&5
configure:2702: $? = 0
configure:2726: result: 
configure:2732: checking for suffix of object files
configure:2758: g++ -c   conftest.cpp >&5
configure:2761: $? = 0
configure:2784: result: o
configure:2788: checking whether we are using the GNU C++ compiler
configure:2817: g++ -c   conftest.cpp >&5
configure:2823: $? = 0
configure:2840: result: yes
configure:2845: checking whether g++ accepts -g
configure:2875: g++ -c -g  conftest.cpp >&5
configure:2881: $? = 0
configure:2980: result: yes
configure:3014: checking for style of include used by make
configure:3042: result: GNU
configure:3070: checking dependency style of g++
configure:3160: result: gcc3
configure:3255: checking build system type
configure:3273: result: i686-pc-linux-gnu
configure:3295: checking host system type
configure:3310: result: i686-pc-linux-gnu
configure:3380: checking for gcc
configure:3396: found /usr/bin/gcc
configure:3407: result: gcc
configure:3645: checking for C compiler version
configure:3652: gcc --version >&5
gcc (GCC) 4.2.3 (Ubuntu 4.2.3-2ubuntu7)
Copyright (C) 2007 Free Software Foundation, Inc.
This is free software; see the source for copying conditions.  There is NO
warranty; not even for MERCHANTABILITY or FITNESS FOR A PARTICULAR PURPOSE.

configure:3655: $? = 0
configure:3662: gcc -v >&5
Using built-in specs.
Target: i486-linux-gnu
Configured with: ../src/configure -v --enable-languages=c,c++,fortran,objc,obj-c++,treelang --prefix=/usr --enable-shared --with-system-zlib --libexecdir=/usr/lib --without-included-gettext --enable-threads=posix --enable-nls --with-gxx-include-dir=/usr/include/c++/4.2 --program-suffix=-4.2 --enable-clocale=gnu --enable-libstdcxx-debug --enable-objc-gc --enable-mpfr --enable-targets=all --enable-checking=release --build=i486-linux-gnu --host=i486-linux-gnu --target=i486-linux-gnu
Thread model: posix
gcc version 4.2.3 (Ubuntu 4.2.3-2ubuntu7)
configure:3665: $? = 0
configure:3672: gcc -V >&5
gcc: '-V' option must have argument
configure:3675: $? = 1
configure:3678: checking whether we are using the GNU C compiler
configure:3707: gcc -c   conftest.c >&5
configure:3713: $? = 0
configure:3730: result: yes
configure:3735: checking whether gcc accepts -g
configure:3765: gcc -c -g  conftest.c >&5
configure:3771: $? = 0
configure:3870: result: yes
configure:3887: checking for gcc option to accept ISO C89
configure:3961: gcc  -c -g -O2  conftest.c >&5
configure:3967: $? = 0
configure:3990: result: none needed
configure:4010: checking dependency style of gcc
configure:4100: result: gcc3
configure:4117: checking for a sed that does not truncate output
configure:4173: result: /bin/sed
configure:4176: checking for grep that handles long lines and -e
configure:4250: result: /bin/grep
configure:4255: checking for egrep
configure:4333: result: /bin/grep -E
configure:4349: checking for ld used by gcc
configure:4416: result: /usr/bin/ld
configure:4425: checking if the linker (/usr/bin/ld) is GNU ld
configure:4440: result: yes
configure:4445: checking for /usr/bin/ld option to reload object files
configure:4452: result: -r
configure:4470: checking for BSD-compatible nm
configure:4519: result: /usr/bin/nm -B
configure:4523: checking whether ln -s works
configure:4527: result: yes
configure:4534: checking how to recognize dependent libraries
configure:4720: result: pass_all
configure:4961: checking how to run the C preprocessor
configure:5001: gcc -E  conftest.c
configure:5007: $? = 0
configure:5038: gcc -E  conftest.c
conftest.c:10:28: error: ac_nonexistent.h: No such file or directory
configure:5044: $? = 1
configure: failed program was:
| /* confdefs.h.  */
| #define PACKAGE_NAME "StSound"
| #define PACKAGE_TARNAME "stsound"
| #define PACKAGE_VERSION "1.1"
| #define PACKAGE_STRING "StSound 1.1"
| #define PACKAGE_BUGREPORT "krusty@cpcscene.com"
| #define PACKAGE "stsound"
| #define VERSION "1.1"
| /* end confdefs.h.  */
| #include <ac_nonexistent.h>
configure:5077: result: gcc -E
configure:5106: gcc -E  conftest.c
configure:5112: $? = 0
configure:5143: gcc -E  conftest.c
conftest.c:10:28: error: ac_nonexistent.h: No such file or directory
configure:5149: $? = 1
configure: failed program was:
| /* confdefs.h.  */
| #define PACKAGE_NAME "StSound"
| #define PACKAGE_TARNAME "stsound"
| #define PACKAGE_VERSION "1.1"
| #define PACKAGE_STRING "StSound 1.1"
| #define PACKAGE_BUGREPORT "krusty@cpcscene.com"
| #define PACKAGE "stsound"
| #define VERSION "1.1"
| /* end confdefs.h.  */
| #include <ac_nonexistent.h>
configure:5187: checking for ANSI C header files
configure:5217: gcc -c -g -O2  conftest.c >&5
configure:5223: $? = 0
configure:5322: gcc -o conftest -g -O2   conftest.c  >&5
configure:5325: $? = 0
configure:5331: ./conftest
configure:5334: $? = 0
configure:5351: result: yes
configure:5375: checking for sys/types.h
configure:5396: gcc -c -g -O2  conftest.c >&5
configure:5402: $? = 0
configure:5418: result: yes
configure:5375: checking for sys/stat.h
configure:5396: gcc -c -g -O2  conftest.c >&5
configure:5402: $? = 0
configure:5418: result: yes
configure:5375: checking for stdlib.h
configure:5396: gcc -c -g -O2  conftest.c >&5
configure:5402: $? = 0
configure:5418: result: yes
configure:5375: checking for string.h
configure:5396: gcc -c -g -O2  conftest.c >&5
configure:5402: $? = 0
configure:5418: result: yes
configure:5375: checking for memory.h
configure:5396: gcc -c -g -O2  conftest.c >&5
configure:5402: $? = 0
configure:5418: result: yes
configure:5375: checking for strings.h
configure:5396: gcc -c -g -O2  conftest.c >&5
configure:5402: $? = 0
configure:5418: result: yes
configure:5375: checking for inttypes.h
configure:5396: gcc -c -g -O2  conftest.c >&5
configure:5402: $? = 0
configure:5418: result: yes
configure:5375: checking for stdint.h
configure:5396: gcc -c -g -O2  conftest.c >&5
configure:5402: $? = 0
configure:5418: result: yes
configure:5375: checking for unistd.h
configure:5396: gcc -c -g -O2  conftest.c >&5
configure:5402: $? = 0
configure:5418: result: yes
configure:5445: checking dlfcn.h usability
configure:5462: gcc -c -g -O2  conftest.c >&5
configure:5468: $? = 0
configure:5482: result: yes
configure:5486: checking dlfcn.h presence
configure:5501: gcc -E  conftest.c
configure:5507: $? = 0
configure:5521: result: yes
configure:5554: checking for dlfcn.h
configure:5562: result: yes
configure:5585: checking how to run the C++ preprocessor
configure:5621: g++ -E  conftest.cpp
configure:5627: $? = 0
configure:5658: g++ -E  conftest.cpp
conftest.cpp:21:28: error: ac_nonexistent.h: No such file or directory
configure:5664: $? = 1
configure: failed program was:
| /* confdefs.h.  */
| #define PACKAGE_NAME "StSound"
| #define PACKAGE_TARNAME "stsound"
| #define PACKAGE_VERSION "1.1"
| #define PACKAGE_STRING "StSound 1.1"
| #define PACKAGE_BUGREPORT "krusty@cpcscene.com"
| #define PACKAGE "stsound"
| #define VERSION "1.1"
| #define STDC_HEADERS 1
| #define HAVE_SYS_TYPES_H 1
| #define HAVE_SYS_STAT_H 1
| #define HAVE_STDLIB_H 1
| #define HAVE_STRING_H 1
| #define HAVE_MEMORY_H 1
| #define HAVE_STRINGS_H 1
| #define HAVE_INTTYPES_H 1
| #define HAVE_STDINT_H 1
| #define HAVE_UNISTD_H 1
| #define HAVE_DLFCN_H 1
| /* end confdefs.h.  */
| #include <ac_nonexistent.h>
configure:5697: result: g++ -E
configure:5726: g++ -E  conftest.cpp
configure:5732: $? = 0
configure:5763: g++ -E  conftest.cpp
conftest.cpp:21:28: error: ac_nonexistent.h: No such file or directory
configure:5769: $? = 1
configure: failed program was:
| /* confdefs.h.  */
| #define PACKAGE_NAME "StSound"
| #define PACKAGE_TARNAME "stsound"
| #define PACKAGE_VERSION "1.1"
| #define PACKAGE_STRING "StSound 1.1"
| #define PACKAGE_BUGREPORT "krusty@cpcscene.com"
| #define PACKAGE "stsound"
| #define VERSION "1.1"
| #define STDC_HEADERS 1
| #define HAVE_SYS_TYPES_H 1
| #define HAVE_SYS_STAT_H 1
| #define HAVE_STDLIB_H 1
| #define HAVE_STRING_H 1
| #define HAVE_MEMORY_H 1
| #define HAVE_STRINGS_H 1
| #define HAVE_INTTYPES_H 1
| #define HAVE_STDINT_H 1
| #define HAVE_UNISTD_H 1
| #define HAVE_DLFCN_H 1
| /* end confdefs.h.  */
| #include <ac_nonexistent.h>
configure:5862: checking for g77
configure:5892: result: no
configure:5862: checking for xlf
configure:5892: result: no
configure:5862: checking for f77
configure:5892: result: no
configure:5862: checking for frt
configure:5892: result: no
configure:5862: checking for pgf77
configure:5892: result: no
configure:5862: checking for cf77
configure:5892: result: no
configure:5862: checking for fort77
configure:5892: result: no
configure:5862: checking for fl32
configure:5892: result: no
configure:5862: checking for af77
configure:5892: result: no
configure:5862: checking for xlf90
configure:5892: result: no
configure:5862: checking for f90
configure:5892: result: no
configure:5862: checking for pgf90
configure:5892: result: no
configure:5862: checking for pghpf
configure:5892: result: no
configure:5862: checking for epcf90
configure:5892: result: no
configure:5862: checking for gfortran
configure:5892: result: no
configure:5862: checking for g95
configure:5892: result: no
configure:5862: checking for xlf95
configure:5892: result: no
configure:5862: checking for f95
configure:5892: result: no
configure:5862: checking for fort
configure:5892: result: no
configure:5862: checking for ifort
configure:5892: result: no
configure:5862: checking for ifc
configure:5892: result: no
configure:5862: checking for efc
configure:5892: result: no
configure:5862: checking for pgf95
configure:5892: result: no
configure:5862: checking for lf95
configure:5892: result: no
configure:5862: checking for ftn
configure:5892: result: no
configure:5919: checking for Fortran 77 compiler version
configure:5926:  --version >&5
./configure: line 5927: --version: command not found
configure:5929: $? = 127
configure:5936:  -v >&5
./configure: line 5937: -v: command not found
configure:5939: $? = 127
configure:5946:  -V >&5
./configure: line 5947: -V: command not found
configure:5949: $? = 127
configure:5957: checking whether we are using the GNU Fortran 77 compiler
configure:5976:  -c  conftest.F >&5
./configure: line 5977: -c: command not found
configure:5982: $? = 127
configure: failed program was:
|       program main
| #ifndef __GNUC__
|        choke me
| #endif
| 
|       end
configure:5999: result: no
configure:6005: checking whether  accepts -g
configure:6022:  -c -g conftest.f >&5
./configure: line 6023: -c: command not found
configure:6028: $? = 127
configure: failed program was:
|       program main
| 
|       end
configure:6044: result: no
configure:6074: checking the maximum length of command line arguments
configure:6186: result: 98304
configure:6198: checking command to parse /usr/bin/nm -B output from gcc object
configure:6303: gcc -c -g -O2  conftest.c >&5
configure:6306: $? = 0
configure:6310: /usr/bin/nm -B conftest.o \| sed -n -e 's/^.*[ 	]\([ABCDGIRSTW][ABCDGIRSTW]*\)[ 	][ 	]*\([_A-Za-z][_A-Za-z0-9]*\)$/\1 \2 \2/p' \> conftest.nm
configure:6313: $? = 0
configure:6365: gcc -o conftest -g -O2   conftest.c conftstm.o >&5
configure:6368: $? = 0
configure:6406: result: ok
configure:6410: checking for objdir
configure:6425: result: .libs
configure:6517: checking for ar
configure:6533: found /usr/bin/ar
configure:6544: result: ar
configure:6613: checking for ranlib
configure:6629: found /usr/bin/ranlib
configure:6640: result: ranlib
configure:6709: checking for strip
configure:6725: found /usr/bin/strip
configure:6736: result: strip
configure:7022: checking if gcc supports -fno-rtti -fno-exceptions
configure:7040: gcc -c -g -O2  -fno-rtti -fno-exceptions conftest.c >&5
cc1: warning: command line option "-fno-rtti" is valid for C++/ObjC++ but not for C
configure:7044: $? = 0
configure:7057: result: no
configure:7072: checking for gcc option to produce PIC
configure:7304: result: -fPIC
configure:7312: checking if gcc PIC flag -fPIC works
configure:7330: gcc -c -g -O2  -fPIC -DPIC conftest.c >&5
configure:7334: $? = 0
configure:7347: result: yes
configure:7375: checking if gcc static flag -static works
configure:7403: result: yes
configure:7413: checking if gcc supports -c -o file.o
configure:7434: gcc -c -g -O2  -o out/conftest2.o conftest.c >&5
configure:7438: $? = 0
configure:7460: result: yes
configure:7486: checking whether the gcc linker (/usr/bin/ld) supports shared libraries
configure:8467: result: yes
configure:8488: checking whether -lc should be explicitly linked in
configure:8493: gcc -c -g -O2  conftest.c >&5
configure:8496: $? = 0
configure:8511: gcc -shared conftest.o  -v -Wl,-soname -Wl,conftest -o conftest 2\>\&1 \| grep  -lc  \>/dev/null 2\>\&1
configure:8514: $? = 0
configure:8526: result: no
configure:8534: checking dynamic linker characteristics
configure:9148: result: GNU/Linux ld.so
configure:9157: checking how to hardcode library paths into programs
configure:9182: result: immediate
configure:9196: checking whether stripping libraries is possible
configure:9201: result: yes
configure:10003: checking if libtool supports shared libraries
configure:10005: result: yes
configure:10008: checking whether to build shared libraries
configure:10029: result: yes
configure:10032: checking whether to build static libraries
configure:10036: result: yes
configure:10129: creating libtool
configure:10717: checking for ld used by g++
configure:10784: result: /usr/bin/ld
configure:10793: checking if the linker (/usr/bin/ld) is GNU ld
configure:10808: result: yes
configure:10859: checking whether the g++ linker (/usr/bin/ld) supports shared libraries
configure:11833: result: yes
configure:11851: g++ -c -g -O2  conftest.cpp >&5
configure:11854: $? = 0
configure:12006: checking for g++ option to produce PIC
configure:12290: result: -fPIC
configure:12298: checking if g++ PIC flag -fPIC works
configure:12316: g++ -c -g -O2  -fPIC -DPIC conftest.cpp >&5
configure:12320: $? = 0
configure:12333: result: yes
configure:12361: checking if g++ static flag -static works
configure:12389: result: yes
configure:12399: checking if g++ supports -c -o file.o
configure:12420: g++ -c -g -O2  -o out/conftest2.o conftest.cpp >&5
configure:12424: $? = 0
configure:12446: result: yes
configure:12472: checking whether the g++ linker (/usr/bin/ld) supports shared libraries
configure:12500: result: yes
configure:12567: checking dynamic linker characteristics
configure:13129: result: GNU/Linux ld.so
configure:13138: checking how to hardcode library paths into programs
configure:13163: result: immediate
configure:19487: creating ./config.status

## ---------------------- ##
## Running config.status. ##
## ---------------------- ##

This file was extended by StSound config.status 1.1, which was
generated by GNU Autoconf 2.61.  Invocation command line was

  CONFIG_FILES    = 
  CONFIG_HEADERS  = 
  CONFIG_LINKS    = 
  CONFIG_COMMANDS = 
  $ ./config.status 

on maggy

config.status:660: creating Makefile
config.status:660: creating config.h
config.status:881: config.h is unchanged
config.status:927: executing depfiles commands

## ---------------- ##
## Cache variables. ##
## ---------------- ##

ac_cv_build=i686-pc-linux-gnu
ac_cv_c_compiler_gnu=yes
ac_cv_cxx_compiler_gnu=yes
ac_cv_env_CCC_set=
ac_cv_env_CCC_value=
ac_cv_env_CC_set=
ac_cv_env_CC_value=
ac_cv_env_CFLAGS_set=
ac_cv_env_CFLAGS_value=
ac_cv_env_CPPFLAGS_set=
ac_cv_env_CPPFLAGS_value=
ac_cv_env_CPP_set=
ac_cv_env_CPP_value=
ac_cv_env_CXXCPP_set=
ac_cv_env_CXXCPP_value=
ac_cv_env_CXXFLAGS_set=
ac_cv_env_CXXFLAGS_value=
ac_cv_env_CXX_set=
ac_cv_env_CXX_value=
ac_cv_env_F77_set=
ac_cv_env_F77_value=
ac_cv_env_FFLAGS_set=
ac_cv_env_FFLAGS_value=
ac_cv_env_LDFLAGS_set=
ac_cv_env_LDFLAGS_value=
ac_cv_env_LIBS_set=
ac_cv_env_LIBS_value=
ac_cv_env_build_alias_set=
ac_cv_env_build_alias_value=
ac_cv_env_host_alias_set=
ac_cv_env_host_alias_value=
ac_cv_env_target_alias_set=
ac_cv_env_target_alias_value=
ac_cv_f77_compiler_gnu=no
ac_cv_header_dlfcn_h=yes
ac_cv_header_inttypes_h=yes
ac_cv_header_memory_h=yes
ac_cv_header_stdc=yes
ac_cv_header_stdint_h=yes
ac_cv_header_stdlib_h=yes
ac_cv_header_string_h=yes
ac_cv_header_strings_h=yes
ac_cv_header_sys_stat_h=yes
ac_cv_header_sys_types_h=yes
ac_cv_header_unistd_h=yes
ac_cv_host=i686-pc-linux-gnu
ac_cv_objext=o
ac_cv_path_EGREP='/bin/grep -E'
ac_cv_path_GREP=/bin/grep
ac_cv_path_install='/usr/bin/install -c'
ac_cv_prog_AWK=mawk
ac_cv_prog_CPP='gcc -E'
ac_cv_prog_CXXCPP='g++ -E'
ac_cv_prog_ac_ct_AR=ar
ac_cv_prog_ac_ct_CC=gcc
ac_cv_prog_ac_ct_CXX=g++
ac_cv_prog_ac_ct_RANLIB=ranlib
ac_cv_prog_ac_ct_STRIP=strip
ac_cv_prog_cc_c89=
ac_cv_prog_cc_g=yes
ac_cv_prog_cxx_g=yes
ac_cv_prog_f77_g=no
ac_cv_prog_make_make_set=yes
am_cv_CC_dependencies_compiler_type=gcc3
am_cv_CXX_dependencies_compiler_type=gcc3
lt_cv_deplibs_check_method=pass_all
lt_cv_file_magic_cmd='$MAGIC_CMD'
lt_cv_file_magic_test_file=
lt_cv_ld_reload_flag=-r
lt_cv_objdir=.libs
lt_cv_path_LD=/usr/bin/ld
lt_cv_path_LDCXX=/usr/bin/ld
lt_cv_path_NM='/usr/bin/nm -B'
lt_cv_path_SED=/bin/sed
lt_cv_prog_compiler_c_o=yes
lt_cv_prog_compiler_c_o_CXX=yes
lt_cv_prog_compiler_rtti_exceptions=no
lt_cv_prog_gnu_ld=yes
lt_cv_prog_gnu_ldcxx=yes
lt_cv_sys_global_symbol_pipe='sed -n -e '\''s/^.*[ 	]\([ABCDGIRSTW][ABCDGIRSTW]*\)[ 	][ 	]*\([_A-Za-z][_A-Za-z0-9]*\)$/\1 \2 \2/p'\'''
lt_cv_sys_global_symbol_to_c_name_address='sed -n -e '\''s/^: \([^ ]*\) $/  {\"\1\", (lt_ptr) 0},/p'\'' -e '\''s/^[BCDEGRST] \([^ ]*\) \([^ ]*\)$/  {"\2", (lt_ptr) \&\2},/p'\'''
lt_cv_sys_global_symbol_to_cdecl='sed -n -e '\''s/^. .* \(.*\)$/extern int \1;/p'\'''
lt_cv_sys_max_cmd_len=98304
lt_lt_cv_prog_compiler_c_o='"yes"'
lt_lt_cv_prog_compiler_c_o_CXX='"yes"'
lt_lt_cv_sys_global_symbol_pipe='"sed -n -e '\''s/^.*[ 	]\\([ABCDGIRSTW][ABCDGIRSTW]*\\)[ 	][ 	]*\\([_A-Za-z][_A-Za-z0-9]*\\)\$/\\1 \\2 \\2/p'\''"'
lt_lt_cv_sys_global_symbol_to_c_name_address='"sed -n -e '\''s/^: \\([^ ]*\\) \$/  {\\\"\\1\\\", (lt_ptr) 0},/p'\'' -e '\''s/^[BCDEGRST] \\([^ ]*\\) \\([^ ]*\\)\$/  {\"\\2\", (lt_ptr) \\&\\2},/p'\''"'
lt_lt_cv_sys_global_symbol_to_cdecl='"sed -n -e '\''s/^. .* \\(.*\\)\$/extern int \\1;/p'\''"'

## ----------------- ##
## Output variables. ##
## ----------------- ##

ACLOCAL='${SHELL} /home/romain/dev/cpc/cpctools/lib/StSoundLib_Release/StSoundLibrary/missing --run aclocal-1.9'
AMDEPBACKSLASH='\'
AMDEP_FALSE='#'
AMDEP_TRUE=''
AMTAR='${SHELL} /home/romain/dev/cpc/cpctools/lib/StSoundLib_Release/StSoundLibrary/missing --run tar'
AR='ar'
AUTOCONF='${SHELL} /home/romain/dev/cpc/cpctools/lib/StSoundLib_Release/StSoundLibrary/missing --run autoconf'
AUTOHEADER='${SHELL} /home/romain/dev/cpc/cpctools/lib/StSoundLib_Release/StSoundLibrary/missing --run autoheader'
AUTOMAKE='${SHELL} /home/romain/dev/cpc/cpctools/lib/StSoundLib_Release/StSoundLibrary/missing --run automake-1.9'
AWK='mawk'
CC='gcc'
CCDEPMODE='depmode=gcc3'
CFLAGS='-g -O2'
CPP='gcc -E'
CPPFLAGS=''
CXX='g++'
CXXCPP='g++ -E'
CXXDEPMODE='depmode=gcc3'
CXXFLAGS='-g -O2'
CYGPATH_W='echo'
DEFS='-DHAVE_CONFIG_H'
DEPDIR='.deps'
ECHO='echo'
ECHO_C=''
ECHO_N='-n'
ECHO_T=''
EGREP='/bin/grep -E'
EXEEXT=''
F77=''
FFLAGS=''
GREP='/bin/grep'
INSTALL_DATA='${INSTALL} -m 644'
INSTALL_PROGRAM='${INSTALL}'
INSTALL_SCRIPT='${INSTALL}'
INSTALL_STRIP_PROGRAM='${SHELL} $(install_sh) -c -s'
LDFLAGS=''
LIBOBJS=''
LIBS=''
LIBTOOL='$(SHELL) $(top_builddir)/libtool'
LN_S='ln -s'
LTLIBOBJS=''
MAKEINFO='${SHELL} /home/romain/dev/cpc/cpctools/lib/StSoundLib_Release/StSoundLibrary/missing --run makeinfo'
OBJEXT='o'
PACKAGE='stsound'
PACKAGE_BUGREPORT='krusty@cpcscene.com'
PACKAGE_NAME='StSound'
PACKAGE_STRING='StSound 1.1'
PACKAGE_TARNAME='stsound'
PACKAGE_VERSION='1.1'
PATH_SEPARATOR=':'
RANLIB='ranlib'
SED='/bin/sed'
SET_MAKE=''
SHELL='/bin/bash'
STRIP='strip'
VERSION='1.1'
ac_ct_CC='gcc'
ac_ct_CXX='g++'
ac_ct_F77=''
am__fastdepCC_FALSE='#'
am__fastdepCC_TRUE=''
am__fastdepCXX_FALSE='#'
am__fastdepCXX_TRUE=''
am__include='include'
am__leading_dot='.'
am__quote=''
am__tar='${AMTAR} chof - "$$tardir"'
am__untar='${AMTAR} xf -'
bindir='${exec_prefix}/bin'
build='i686-pc-linux-gnu'
build_alias=''
build_cpu='i686'
build_os='linux-gnu'
build_vendor='pc'
datadir='${datarootdir}'
datarootdir='${prefix}/share'
docdir='${datarootdir}/doc/${PACKAGE_TARNAME}'
dvidir='${docdir}'
exec_prefix='${prefix}'
host='i686-pc-linux-gnu'
host_alias=''
host_cpu='i686'
host_os='linux-gnu'
host_vendor='pc'
htmldir='${docdir}'
includedir='${prefix}/include'
infodir='${datarootdir}/info'
install_sh='/home/romain/dev/cpc/cpctools/lib/StSoundLib_Release/StSoundLibrary/install-sh'
libdir='${exec_prefix}/lib'
libexecdir='${exec_prefix}/libexec'
localedir='${datarootdir}/locale'
localstatedir='${prefix}/var'
mandir='${datarootdir}/man'
mkdir_p='mkdir -p --'
oldincludedir='/usr/include'
pdfdir='${docdir}'
prefix='/usr/local'
program_transform_name='s,x,x,'
psdir='${docdir}'
sbindir='${exec_prefix}/sbin'
sharedstatedir='${prefix}/com'
sysconfdir='${prefix}/etc'
target_alias=''

## ----------- ##
## confdefs.h. ##
## ----------- ##

#define PACKAGE_NAME "StSound"
#define PACKAGE_TARNAME "stsound"
#define PACKAGE_VERSION "1.1"
#define PACKAGE_STRING "StSound 1.1"
#define PACKAGE_BUGREPORT "krusty@cpcscene.com"
#define PACKAGE "stsound"
#define VERSION "1.1"
#define STDC_HEADERS 1
#define HAVE_SYS_TYPES_H 1
#define HAVE_SYS_STAT_H 1
#define HAVE_STDLIB_H 1
#define HAVE_STRING_H 1
#define HAVE_MEMORY_H 1
#define HAVE_STRINGS_H 1
#define HAVE_INTTYPES_H 1
#define HAVE_STDINT_H 1
#define HAVE_UNISTD_H 1
#define HAVE_DLFCN_H 1

configure: exit 0
